Using pre-set license
Built from '2021.3/staging' branch; Version is '2021.3.8f1 (b30333d56e81) revision 11731763'; Using compiler version '192829333'; Build Type 'Release'
OS: 'Windows 10  (10.0.19044) 64bit Education' Language: 'sv' Physical Memory: 16064 MB
BatchMode: 1, IsHumanControllingUs: 0, StartBugReporterOnCrash: 0, Is64bit: 1, IsPro: 1

COMMAND LINE ARGUMENTS:
C:\Program Files\Unity\Hub\Editor\2021.3.8f1\Editor\Unity.exe
-adb2
-batchMode
-noUpm
-name
AssetImportWorker2
-projectPath
C:/Users/simon.wallander/Downloads/3D Platformer
-logFile
Logs/AssetImportWorker2.log
-srvPort
52369
Successfully changed project path to: C:/Users/simon.wallander/Downloads/3D Platformer
C:/Users/simon.wallander/Downloads/3D Platformer
[UnityMemory] Configuration Parameters - Can be set up in boot.config
    "memorysetup-bucket-allocator-granularity=16"
    "memorysetup-bucket-allocator-bucket-count=8"
    "memorysetup-bucket-allocator-block-size=33554432"
    "memorysetup-bucket-allocator-block-count=8"
    "memorysetup-main-allocator-block-size=16777216"
    "memorysetup-thread-allocator-block-size=16777216"
    "memorysetup-gfx-main-allocator-block-size=16777216"
    "memorysetup-gfx-thread-allocator-block-size=16777216"
    "memorysetup-cache-allocator-block-size=4194304"
    "memorysetup-typetree-allocator-block-size=2097152"
    "memorysetup-profiler-bucket-allocator-granularity=16"
    "memorysetup-profiler-bucket-allocator-bucket-count=8"
    "memorysetup-profiler-bucket-allocator-block-size=33554432"
    "memorysetup-profiler-bucket-allocator-block-count=8"
    "memorysetup-profiler-allocator-block-size=16777216"
    "memorysetup-profiler-editor-allocator-block-size=1048576"
    "memorysetup-temp-allocator-size-main=16777216"
    "memorysetup-job-temp-allocator-block-size=2097152"
    "memorysetup-job-temp-allocator-block-size-background=1048576"
    "memorysetup-job-temp-allocator-reduction-small-platforms=262144"
    "memorysetup-temp-allocator-size-background-worker=32768"
    "memorysetup-temp-allocator-size-job-worker=262144"
    "memorysetup-temp-allocator-size-preload-manager=33554432"
    "memorysetup-temp-allocator-size-nav-mesh-worker=65536"
    "memorysetup-temp-allocator-size-audio-worker=65536"
    "memorysetup-temp-allocator-size-cloud-worker=32768"
    "memorysetup-temp-allocator-size-gi-baking-worker=262144"
    "memorysetup-temp-allocator-size-gfx=262144"
Refreshing native plugins compatible for Editor in 330.02 ms, found 3 plugins.
Preloading 0 native plugins for Editor in 0.00 ms.
Initialize engine version: 2021.3.8f1 (b30333d56e81)
[Subsystems] Discovering subsystems at path C:/Program Files/Unity/Hub/Editor/2021.3.8f1/Editor/Data/Resources/UnitySubsystems
[Subsystems] Discovering subsystems at path C:/Users/simon.wallander/Downloads/3D Platformer/Assets
GfxDevice: creating device client; threaded=0; jobified=0
Direct3D:
    Version:  Direct3D 11.0 [level 11.1]
    Renderer: NVIDIA GeForce MX450 (ID=0x1f97)
    Vendor:   NVIDIA
    VRAM:     1928 MB
    Driver:   30.0.14.7298
Initialize mono
Mono path[0] = 'C:/Program Files/Unity/Hub/Editor/2021.3.8f1/Editor/Data/Managed'
Mono path[1] = 'C:/Program Files/Unity/Hub/Editor/2021.3.8f1/Editor/Data/MonoBleedingEdge/lib/mono/unityjit-win32'
Mono config path = 'C:/Program Files/Unity/Hub/Editor/2021.3.8f1/Editor/Data/MonoBleedingEdge/etc'
Using monoOptions --debugger-agent=transport=dt_socket,embedding=1,server=y,suspend=n,address=127.0.0.1:56692
Begin MonoManager ReloadAssembly
Registering precompiled unity dll's ...
Register platform support module: C:/Program Files/Unity/Hub/Editor/2021.3.8f1/Editor/Data/PlaybackEngines/WindowsStandaloneSupport/UnityEditor.WindowsStandalone.Extensions.dll
Registered in 0.012263 seconds.
Native extension for WindowsStandalone target not found
Refreshing native plugins compatible for Editor in 308.44 ms, found 3 plugins.
Preloading 0 native plugins for Editor in 0.00 ms.
Mono: successfully reloaded assembly
- Completed reload, in  1.658 seconds
Domain Reload Profiling:
	ReloadAssembly (1659ms)
		BeginReloadAssembly (167ms)
			ExecutionOrderSort (0ms)
			DisableScriptedObjects (0ms)
			BackupInstance (0ms)
			ReleaseScriptingObjects (0ms)
			CreateAndSetChildDomain (2ms)
		EndReloadAssembly (1190ms)
			LoadAssemblies (161ms)
			RebuildTransferFunctionScriptingTraits (0ms)
			SetupTypeCache (203ms)
			ReleaseScriptCaches (0ms)
			RebuildScriptCaches (78ms)
			SetupLoadedEditorAssemblies (762ms)
				LogAssemblyErrors (0ms)
				InitializePlatformSupportModulesInManaged (20ms)
				SetLoadedEditorAssemblies (0ms)
				RefreshPlugins (309ms)
				BeforeProcessingInitializeOnLoad (3ms)
				ProcessInitializeOnLoadAttributes (353ms)
				ProcessInitializeOnLoadMethodAttributes (76ms)
				AfterProcessingInitializeOnLoad (0ms)
				EditorAssembliesLoaded (0ms)
			ExecutionOrderSort2 (0ms)
			AwakeInstancesAfterBackupRestoration (0ms)
Platform modules already initialized, skipping
Registering precompiled user dll's ...
Registered in 0.006551 seconds.
Begin MonoManager ReloadAssembly
Symbol file LoadedFromMemory doesn't match image C:\Users\simon.wallander\Downloads\3D Platformer\Library\PackageCache\com.unity.visualscripting@1.8.0\Editor\VisualScripting.Core\Dependencies\YamlDotNet\Unity.VisualScripting.YamlDotNet.dll
Symbol file LoadedFromMemory doesn't match image C:\Users\simon.wallander\Downloads\3D Platformer\Library\PackageCache\com.unity.visualscripting@1.8.0\Editor\VisualScripting.Core\Dependencies\DotNetZip\Unity.VisualScripting.IonicZip.dll
Native extension for WindowsStandalone target not found
Refreshing native plugins compatible for Editor in 207.20 ms, found 3 plugins.
Preloading 0 native plugins for Editor in 0.00 ms.
Mono: successfully reloaded assembly
- Completed reload, in  3.450 seconds
Domain Reload Profiling:
	ReloadAssembly (3452ms)
		BeginReloadAssembly (278ms)
			ExecutionOrderSort (0ms)
			DisableScriptedObjects (16ms)
			BackupInstance (0ms)
			ReleaseScriptingObjects (1ms)
			CreateAndSetChildDomain (50ms)
		EndReloadAssembly (2902ms)
			LoadAssemblies (185ms)
			RebuildTransferFunctionScriptingTraits (0ms)
			SetupTypeCache (761ms)
			ReleaseScriptCaches (3ms)
			RebuildScriptCaches (174ms)
			SetupLoadedEditorAssemblies (1625ms)
				LogAssemblyErrors (0ms)
				InitializePlatformSupportModulesInManaged (9ms)
				SetLoadedEditorAssemblies (0ms)
				RefreshPlugins (207ms)
				BeforeProcessingInitializeOnLoad (268ms)
				ProcessInitializeOnLoadAttributes (919ms)
				ProcessInitializeOnLoadMethodAttributes (211ms)
				AfterProcessingInitializeOnLoad (9ms)
				EditorAssembliesLoaded (0ms)
			ExecutionOrderSort2 (0ms)
			AwakeInstancesAfterBackupRestoration (9ms)
Platform modules already initialized, skipping
========================================================================
Worker process is ready to serve import requests
Launched and connected shader compiler UnityShaderCompiler.exe after 0.12 seconds
Refreshing native plugins compatible for Editor in 1.14 ms, found 3 plugins.
Preloading 0 native plugins for Editor in 0.00 ms.
Unloading 5509 Unused Serialized files (Serialized files now loaded: 0)
Unloading 51 unused Assets / (0.8 MB). Loaded Objects now: 5961.
Memory consumption went from 216.0 MB to 215.2 MB.
Total: 5.582100 ms (FindLiveObjects: 0.440000 ms CreateObjectMapping: 0.424500 ms MarkObjects: 4.101300 ms  DeleteObjects: 0.614800 ms)

AssetImportParameters requested are different than current active one (requested -> active):
  custom:video-decoder-ogg-theora: a1e56fd34408186e4bbccfd4996cb3dc -> 
  custom:container-muxer-webm: aa71ff27fc2769a1b78a27578f13a17b -> 
  custom:container-demuxer-webm: 4f35f7cbe854078d1ac9338744f61a02 -> 
  custom:video-encoder-webm-vp8: eb34c28f22e8b96e1ab97ce403110664 -> 
  custom:audio-encoder-webm-vorbis: bf7c407c2cedff20999df2af8eb42d56 -> 
  custom:framework-win-MediaFoundation: 216162199b28c13a410421893ffa2e32 -> 
  custom:container-demuxer-ogg: 62fdf1f143b41e24485cea50d1cbac27 -> 
  custom:video-decoder-webm-vp8: 9c59270c3fd7afecdb556c50c9e8de78 -> 
  custom:audio-decoder-ogg-vorbis: bf7c407c2cedff20999df2af8eb42d56 -> 
========================================================================
Received Import Request.
  Time since last request: 1302309.686655 seconds.
  path: Assets/Prefabs/Player.prefab
  artifactKey: Guid(baf137793aa64554f884bb38e28566ef) Importer(2089858483,0ecaa5967403d082aa24f35e1b516d23)
Start importing Assets/Prefabs/Player.prefab using Guid(baf137793aa64554f884bb38e28566ef) Importer(2089858483,0ecaa5967403d082aa24f35e1b516d23) Generated GUIDs only implemented for interfaces!
 -> (artifact id: '1c2df4cd56cfb5ee02c9c34bd2920ae9') in 0.319643 seconds 
========================================================================
Received Import Request.
  Time since last request: 0.000043 seconds.
  path: Assets/Graphical Assets/3D/LBS Guy/Animation Related/Jump_up.anim
  artifactKey: Guid(05bfb17e128c06848ad8f7869652f47d) Importer(2089858483,0ecaa5967403d082aa24f35e1b516d23)
Start importing Assets/Graphical Assets/3D/LBS Guy/Animation Related/Jump_up.anim using Guid(05bfb17e128c06848ad8f7869652f47d) Importer(2089858483,0ecaa5967403d082aa24f35e1b516d23) Generated GUIDs only implemented for interfaces!
 -> (artifact id: 'bb16257d9f74bc21b83a557e08d5e5b9') in 0.063414 seconds 
========================================================================
Received Import Request.
  Time since last request: 0.000062 seconds.
  path: Assets/Settings/URP-Balanced.asset
  artifactKey: Guid(e1260c1148f6143b28bae5ace5e9c5d1) Importer(2089858483,0ecaa5967403d082aa24f35e1b516d23)
Start importing Assets/Settings/URP-Balanced.asset using Guid(e1260c1148f6143b28bae5ace5e9c5d1) Importer(2089858483,0ecaa5967403d082aa24f35e1b516d23) Generated GUIDs only implemented for interfaces!
 -> (artifact id: '67a3ef84f280c12890fa0455684e42cd') in 0.106349 seconds 
========================================================================
Received Import Request.
  Time since last request: 0.000060 seconds.
  path: Assets/Graphical Assets/VFX/Particles/JumpLandingParticle.prefab
  artifactKey: Guid(155cbd3c0a0dd2b4e93bef1276f815a8) Importer(2089858483,0ecaa5967403d082aa24f35e1b516d23)
Start importing Assets/Graphical Assets/VFX/Particles/JumpLandingParticle.prefab using Guid(155cbd3c0a0dd2b4e93bef1276f815a8) Importer(2089858483,0ecaa5967403d082aa24f35e1b516d23) Generated GUIDs only implemented for interfaces!
 -> (artifact id: '2f0ba63df408ece1e764c8c93fd543ff') in 0.262669 seconds 
========================================================================
Received Import Request.
  Time since last request: 0.000045 seconds.
  path: Assets/Graphical Assets/3D/Placeholders/512_1Meter_Texture.png
  artifactKey: Guid(b4300d9418cf52a489c5a1fd1493ba1e) Importer(2089858483,0ecaa5967403d082aa24f35e1b516d23)
Start importing Assets/Graphical Assets/3D/Placeholders/512_1Meter_Texture.png using Guid(b4300d9418cf52a489c5a1fd1493ba1e) Importer(2089858483,0ecaa5967403d082aa24f35e1b516d23) Generated GUIDs only implemented for interfaces!
 -> (artifact id: '4241b3ff23b7230d735288422d3d103b') in 0.101717 seconds 
========================================================================
Received Import Request.
  Time since last request: 0.000038 seconds.
  path: Assets/Scripts/Joel_Essentials/SceneManagerExtended.cs
  artifactKey: Guid(bdc3474eb664e4f448eb1f2a34241a9e) Importer(2089858483,0ecaa5967403d082aa24f35e1b516d23)
Start importing Assets/Scripts/Joel_Essentials/SceneManagerExtended.cs using Guid(bdc3474eb664e4f448eb1f2a34241a9e) Importer(2089858483,0ecaa5967403d082aa24f35e1b516d23) Generated GUIDs only implemented for interfaces!
 -> (artifact id: '77dad794c679c577f4045b0e311172ab') in 0.024837 seconds 
========================================================================
Received Import Request.
  Time since last request: 0.000025 seconds.
  path: Assets/Settings/URP-HighFidelity-Renderer.asset
  artifactKey: Guid(c40be3174f62c4acf8c1216858c64956) Importer(2089858483,0ecaa5967403d082aa24f35e1b516d23)
Start importing Assets/Settings/URP-HighFidelity-Renderer.asset using Guid(c40be3174f62c4acf8c1216858c64956) Importer(2089858483,0ecaa5967403d082aa24f35e1b516d23) Generated GUIDs only implemented for interfaces!
 -> (artifact id: 'd3df494750d8f17fe39dbec22ce2b03d') in 0.033006 seconds 
========================================================================
Received Import Request.
  Time since last request: 0.000031 seconds.
  path: Assets/Prefabs/Camera.prefab
  artifactKey: Guid(3c33f893f44f2c944bef16e1790d3e5f) Importer(2089858483,0ecaa5967403d082aa24f35e1b516d23)
Start importing Assets/Prefabs/Camera.prefab using Guid(3c33f893f44f2c944bef16e1790d3e5f) Importer(2089858483,0ecaa5967403d082aa24f35e1b516d23) Generated GUIDs only implemented for interfaces!
 -> (artifact id: '1b32e3f848532d3af277939bb8f34df4') in 0.056576 seconds 
========================================================================
Received Import Request.
  Time since last request: 0.000058 seconds.
  path: Assets/Input System/Third Person Controller.inputactions
  artifactKey: Guid(23068d04b36a5d441bfd978ec1e45f56) Importer(2089858483,0ecaa5967403d082aa24f35e1b516d23)
Start importing Assets/Input System/Third Person Controller.inputactions using Guid(23068d04b36a5d441bfd978ec1e45f56) Importer(2089858483,0ecaa5967403d082aa24f35e1b516d23) Generated GUIDs only implemented for interfaces!
 -> (artifact id: 'f66ffdae790a8def22525820162a4102') in 0.048087 seconds 
========================================================================
Received Import Request.
  Time since last request: 0.000053 seconds.
  path: Assets/Graphical Assets/Materials/TEMP_Materials/Blue.mat
  artifactKey: Guid(e7e28030dad222e49b5a1c4435e1aa5a) Importer(2089858483,0ecaa5967403d082aa24f35e1b516d23)
Start importing Assets/Graphical Assets/Materials/TEMP_Materials/Blue.mat using Guid(e7e28030dad222e49b5a1c4435e1aa5a) Importer(2089858483,0ecaa5967403d082aa24f35e1b516d23) Generated GUIDs only implemented for interfaces!
 -> (artifact id: '4828c2d4b0eaaaa804e5efa138c8b845') in 0.079368 seconds 
========================================================================
Received Import Request.
  Time since last request: 0.000033 seconds.
  path: Assets/Scripts/Joel_Essentials/Music System/MusicTrigger.cs
  artifactKey: Guid(ddbc29c3fc51121428088189f3931efb) Importer(2089858483,0ecaa5967403d082aa24f35e1b516d23)
Start importing Assets/Scripts/Joel_Essentials/Music System/MusicTrigger.cs using Guid(ddbc29c3fc51121428088189f3931efb) Importer(2089858483,0ecaa5967403d082aa24f35e1b516d23) Generated GUIDs only implemented for interfaces!
 -> (artifact id: '2682e2e0e406ad58903e806bda227b8a') in 0.017428 seconds 
========================================================================
Received Import Request.
  Time since last request: 0.000035 seconds.
  path: Assets/Scenes/Dennis.unity
  artifactKey: Guid(9fc0d4010bbf28b4594072e72b8655ab) Importer(2089858483,0ecaa5967403d082aa24f35e1b516d23)
Start importing Assets/Scenes/Dennis.unity using Guid(9fc0d4010bbf28b4594072e72b8655ab) Importer(2089858483,0ecaa5967403d082aa24f35e1b516d23) Generated GUIDs only implemented for interfaces!
 -> (artifact id: '836dacf8ab12cd509ba35487223f944e') in 0.012832 seconds 
========================================================================
Received Import Request.
  Time since last request: 0.000038 seconds.
  path: Assets/Graphical Assets/Materials/TEMP_Materials/Yellow.mat
  artifactKey: Guid(7ee387225b8bb4840a93cd2bb6c17e3c) Importer(2089858483,0ecaa5967403d082aa24f35e1b516d23)
Start importing Assets/Graphical Assets/Materials/TEMP_Materials/Yellow.mat using Guid(7ee387225b8bb4840a93cd2bb6c17e3c) Importer(2089858483,0ecaa5967403d082aa24f35e1b516d23) Generated GUIDs only implemented for interfaces!
 -> (artifact id: 'd64aaedd0d64a20dd21c20ec6ccb09e2') in 0.063824 seconds 
========================================================================
Received Import Request.
  Time since last request: 0.000036 seconds.
  path: Assets/Graphical Assets/Materials/TEMP_Materials/Black.mat
  artifactKey: Guid(c100654aaafb8744188f06251ede9db9) Importer(2089858483,0ecaa5967403d082aa24f35e1b516d23)
Start importing Assets/Graphical Assets/Materials/TEMP_Materials/Black.mat using Guid(c100654aaafb8744188f06251ede9db9) Importer(2089858483,0ecaa5967403d082aa24f35e1b516d23) Generated GUIDs only implemented for interfaces!
 -> (artifact id: '5eaf9b02d3fbc1e0ec70ad554deb5b82') in 0.087585 seconds 
========================================================================
Received Import Request.
  Time since last request: 0.000037 seconds.
  path: Assets/Graphical Assets/3D/LBS Guy/LBS_Guy_albedo.png
  artifactKey: Guid(c852a12319b9eb94a80f9ade4715d7d9) Importer(2089858483,0ecaa5967403d082aa24f35e1b516d23)
Start importing Assets/Graphical Assets/3D/LBS Guy/LBS_Guy_albedo.png using Guid(c852a12319b9eb94a80f9ade4715d7d9) Importer(2089858483,0ecaa5967403d082aa24f35e1b516d23) Generated GUIDs only implemented for interfaces!
 -> (artifact id: 'bfc4cdb2c07c8eae89fa9d064c125eba') in 0.069955 seconds 
========================================================================
Received Import Request.
  Time since last request: 0.000040 seconds.
  path: Assets/Graphical Assets/3D/Placeholders/Placeholder_material 2.mat
  artifactKey: Guid(8a118e22d5ff7ea44a8465d837f4b7f6) Importer(2089858483,0ecaa5967403d082aa24f35e1b516d23)
Start importing Assets/Graphical Assets/3D/Placeholders/Placeholder_material 2.mat using Guid(8a118e22d5ff7ea44a8465d837f4b7f6) Importer(2089858483,0ecaa5967403d082aa24f35e1b516d23) Generated GUIDs only implemented for interfaces!
 -> (artifact id: '2fdb41521bf7b1ea0499ee1fdb28b256') in 0.128020 seconds 
========================================================================
Received Import Request.
  Time since last request: 0.000049 seconds.
  path: Assets/Physic Materials/ZeroFriction.physicMaterial
  artifactKey: Guid(8a030a80f8430bb409be1fb0b6b3887d) Importer(2089858483,0ecaa5967403d082aa24f35e1b516d23)
Start importing Assets/Physic Materials/ZeroFriction.physicMaterial using Guid(8a030a80f8430bb409be1fb0b6b3887d) Importer(2089858483,0ecaa5967403d082aa24f35e1b516d23) Generated GUIDs only implemented for interfaces!
 -> (artifact id: '4c5d5594e40dc9d79d6fd07dda0665c5') in 0.020211 seconds 
========================================================================
Received Import Request.
  Time since last request: 0.000041 seconds.
  path: Assets/Graphical Assets/3D/LBS Guy/Animation Related/Run.anim
  artifactKey: Guid(221298e931e5af34d9198626b71cd9a3) Importer(2089858483,0ecaa5967403d082aa24f35e1b516d23)
Start importing Assets/Graphical Assets/3D/LBS Guy/Animation Related/Run.anim using Guid(221298e931e5af34d9198626b71cd9a3) Importer(2089858483,0ecaa5967403d082aa24f35e1b516d23) Generated GUIDs only implemented for interfaces!
 -> (artifact id: 'cbb336fbd33013fbc265f5ccf23e1dc8') in 0.021700 seconds 
========================================================================
Received Import Request.
  Time since last request: 0.000032 seconds.
  path: Assets/Scripts/CameraControllerExtra.cs
  artifactKey: Guid(000d1cebc03cebc4396a0cb2be6b6b2e) Importer(2089858483,0ecaa5967403d082aa24f35e1b516d23)
Start importing Assets/Scripts/CameraControllerExtra.cs using Guid(000d1cebc03cebc4396a0cb2be6b6b2e) Importer(2089858483,0ecaa5967403d082aa24f35e1b516d23) Generated GUIDs only implemented for interfaces!
 -> (artifact id: '2b52e37f2919eb190542019863880338') in 0.027902 seconds 
========================================================================
Received Import Request.
  Time since last request: 0.000033 seconds.
  path: Assets/Scripts/Joel_Essentials/Object Pooling/ObjectPool.cs
  artifactKey: Guid(559aadeac57242249b64dfb6012c816a) Importer(2089858483,0ecaa5967403d082aa24f35e1b516d23)
Start importing Assets/Scripts/Joel_Essentials/Object Pooling/ObjectPool.cs using Guid(559aadeac57242249b64dfb6012c816a) Importer(2089858483,0ecaa5967403d082aa24f35e1b516d23) Generated GUIDs only implemented for interfaces!
 -> (artifact id: 'baf210040886b2792277f31ce0dc2d0e') in 0.016975 seconds 
========================================================================
Received Import Request.
  Time since last request: 0.000045 seconds.
  path: Assets/Settings/URP-HighFidelity.asset
  artifactKey: Guid(7b7fd9122c28c4d15b667c7040e3b3fd) Importer(2089858483,0ecaa5967403d082aa24f35e1b516d23)
Start importing Assets/Settings/URP-HighFidelity.asset using Guid(7b7fd9122c28c4d15b667c7040e3b3fd) Importer(2089858483,0ecaa5967403d082aa24f35e1b516d23) Generated GUIDs only implemented for interfaces!
 -> (artifact id: '4bb5f36914859eb6fe1d4f04222bc05e') in 0.020536 seconds 
========================================================================
Received Import Request.
  Time since last request: 0.000046 seconds.
  path: Assets/Graphical Assets/Materials/TEMP_Materials/Red.mat
  artifactKey: Guid(572f4033e5d242f4bac3f05b81457bc8) Importer(2089858483,0ecaa5967403d082aa24f35e1b516d23)
Start importing Assets/Graphical Assets/Materials/TEMP_Materials/Red.mat using Guid(572f4033e5d242f4bac3f05b81457bc8) Importer(2089858483,0ecaa5967403d082aa24f35e1b516d23) Generated GUIDs only implemented for interfaces!
 -> (artifact id: '155dab0218f917144f4cdd5ad7c9dcb1') in 0.013959 seconds 
========================================================================
Received Import Request.
  Time since last request: 0.000030 seconds.
  path: Assets/Graphical Assets/3D/Placeholders/Placeholder_material_50m.mat
  artifactKey: Guid(1ffa57d8d071f414699d8e658bc2a15b) Importer(2089858483,0ecaa5967403d082aa24f35e1b516d23)
Start importing Assets/Graphical Assets/3D/Placeholders/Placeholder_material_50m.mat using Guid(1ffa57d8d071f414699d8e658bc2a15b) Importer(2089858483,0ecaa5967403d082aa24f35e1b516d23) Generated GUIDs only implemented for interfaces!
 -> (artifact id: '3664528acd824d64e563aefd8e299c0d') in 0.020614 seconds 
========================================================================
Received Import Request.
  Time since last request: 0.000028 seconds.
  path: Assets/Graphical Assets/3D/LBS Guy/Animation Related/SquashAndStretchJump.anim
  artifactKey: Guid(6721691ea308622428912c81057740af) Importer(2089858483,0ecaa5967403d082aa24f35e1b516d23)
Start importing Assets/Graphical Assets/3D/LBS Guy/Animation Related/SquashAndStretchJump.anim using Guid(6721691ea308622428912c81057740af) Importer(2089858483,0ecaa5967403d082aa24f35e1b516d23) Generated GUIDs only implemented for interfaces!
 -> (artifact id: '6e9454689b1b5b10559642e6f76f256d') in 0.017026 seconds 
========================================================================
Received Import Request.
  Time since last request: 0.000038 seconds.
  path: Assets/Settings/URP-Performant.asset
  artifactKey: Guid(d0e2fc18fe036412f8223b3b3d9ad574) Importer(2089858483,0ecaa5967403d082aa24f35e1b516d23)
Start importing Assets/Settings/URP-Performant.asset using Guid(d0e2fc18fe036412f8223b3b3d9ad574) Importer(2089858483,0ecaa5967403d082aa24f35e1b516d23) Generated GUIDs only implemented for interfaces!
 -> (artifact id: '6a987ea59668d8340752986a558bca7a') in 0.034203 seconds 
========================================================================
Received Prepare
Refreshing native plugins compatible for Editor in 6.87 ms, found 3 plugins.
Preloading 0 native plugins for Editor in 0.00 ms.
Unloading 32 Unused Serialized files (Serialized files now loaded: 0)
Unloading 33 unused Assets / (0.8 MB). Loaded Objects now: 5967.
Memory consumption went from 101.0 MB to 100.2 MB.
Total: 7.890200 ms (FindLiveObjects: 0.524800 ms CreateObjectMapping: 0.399000 ms MarkObjects: 6.369400 ms  DeleteObjects: 0.595700 ms)

AssetImportParameters requested are different than current active one (requested -> active):
  custom:video-decoder-ogg-theora: a1e56fd34408186e4bbccfd4996cb3dc -> 
  custom:container-muxer-webm: aa71ff27fc2769a1b78a27578f13a17b -> 
  custom:container-demuxer-webm: 4f35f7cbe854078d1ac9338744f61a02 -> 
  custom:video-encoder-webm-vp8: eb34c28f22e8b96e1ab97ce403110664 -> 
  custom:audio-encoder-webm-vorbis: bf7c407c2cedff20999df2af8eb42d56 -> 
  custom:framework-win-MediaFoundation: 216162199b28c13a410421893ffa2e32 -> 
  custom:SearchIndexIgnoredProperties: e643bd26f0fe6173181afceb89e7c659 -> 
  custom:container-demuxer-ogg: 62fdf1f143b41e24485cea50d1cbac27 -> 
  custom:video-decoder-webm-vp8: 9c59270c3fd7afecdb556c50c9e8de78 -> 
  custom:audio-decoder-ogg-vorbis: bf7c407c2cedff20999df2af8eb42d56 -> 
========================================================================
Received Import Request.
  Time since last request: 529.505008 seconds.
  path: Assets/Scripts
  artifactKey: Guid(7ad89dadbfbedec4b8894ec1d619238c) Importer(815301076,1909f56bfc062723c751e8b465ee728b)
Start importing Assets/Scripts using Guid(7ad89dadbfbedec4b8894ec1d619238c) Importer(815301076,1909f56bfc062723c751e8b465ee728b)  -> (artifact id: '283d00986bf21e51f527879bac3128f8') in 0.007884 seconds 
========================================================================
Received Import Request.
  Time since last request: 151.313196 seconds.
  path: Assets/Water.shadergraph
  artifactKey: Guid(6d2802ebbc7e95e4fb6032121c9a9d53) Importer(815301076,1909f56bfc062723c751e8b465ee728b)
Start importing Assets/Water.shadergraph using Guid(6d2802ebbc7e95e4fb6032121c9a9d53) Importer(815301076,1909f56bfc062723c751e8b465ee728b)  -> (artifact id: '4451fb66f20017010f5b9f12dc247801') in 0.030645 seconds 
========================================================================
Received Import Request.
  Time since last request: 1.280175 seconds.
  path: Assets/Water.shadergraph
  artifactKey: Guid(6d2802ebbc7e95e4fb6032121c9a9d53) Importer(2089858483,0ecaa5967403d082aa24f35e1b516d23)
Start importing Assets/Water.shadergraph using Guid(6d2802ebbc7e95e4fb6032121c9a9d53) Importer(2089858483,0ecaa5967403d082aa24f35e1b516d23) Generated GUIDs only implemented for interfaces!
 -> (artifact id: '1a8290cb2e4078f60ee9835bda97be0b') in 0.034657 seconds 
========================================================================
Received Import Request.
  Time since last request: 18.468952 seconds.
  path: Assets/Water.mat
  artifactKey: Guid(7efa1aa7e2e14be49b4f754b8a80a0e5) Importer(815301076,1909f56bfc062723c751e8b465ee728b)
Start importing Assets/Water.mat using Guid(7efa1aa7e2e14be49b4f754b8a80a0e5) Importer(815301076,1909f56bfc062723c751e8b465ee728b)  -> (artifact id: '3bef91da2dede22e3a089264c5827120') in 0.498403 seconds 
========================================================================
Received Import Request.
  Time since last request: 0.467740 seconds.
  path: Assets/Water.mat
  artifactKey: Guid(7efa1aa7e2e14be49b4f754b8a80a0e5) Importer(2089858483,0ecaa5967403d082aa24f35e1b516d23)
Start importing Assets/Water.mat using Guid(7efa1aa7e2e14be49b4f754b8a80a0e5) Importer(2089858483,0ecaa5967403d082aa24f35e1b516d23) Generated GUIDs only implemented for interfaces!
 -> (artifact id: '1e38dc1f868f04aa1b459fa7c317faad') in 0.014984 seconds 
========================================================================
Received Import Request.
  Time since last request: 554.565413 seconds.
  path: Assets/Water Shader.shadergraph
  artifactKey: Guid(8730e1aa3fc082148b6c48cdafaf32d1) Importer(815301076,1909f56bfc062723c751e8b465ee728b)
Start importing Assets/Water Shader.shadergraph using Guid(8730e1aa3fc082148b6c48cdafaf32d1) Importer(815301076,1909f56bfc062723c751e8b465ee728b)  -> (artifact id: '457c8c808633ce7f77111dd1a5a1c9c1') in 0.013155 seconds 
========================================================================
Received Import Request.
  Time since last request: 1.359230 seconds.
  path: Assets/Water Shader.shadergraph
  artifactKey: Guid(8730e1aa3fc082148b6c48cdafaf32d1) Importer(2089858483,0ecaa5967403d082aa24f35e1b516d23)
Start importing Assets/Water Shader.shadergraph using Guid(8730e1aa3fc082148b6c48cdafaf32d1) Importer(2089858483,0ecaa5967403d082aa24f35e1b516d23) Generated GUIDs only implemented for interfaces!
 -> (artifact id: '3d1b5c117956546e64f28bb3beafef62') in 0.030873 seconds 
========================================================================
Received Import Request.
  Time since last request: 9.898006 seconds.
  path: Assets/Graphical Assets/3D/LBS Guy/MainCharacter_Mesh.fbx
  artifactKey: Guid(1ba930c92125cc44482f71b0a7ba266c) Importer(815301076,1909f56bfc062723c751e8b465ee728b)
Start importing Assets/Graphical Assets/3D/LBS Guy/MainCharacter_Mesh.fbx using Guid(1ba930c92125cc44482f71b0a7ba266c) Importer(815301076,1909f56bfc062723c751e8b465ee728b)  -> (artifact id: '849c0ade8ca2a395ac16cca293e948ae') in 0.351016 seconds 
========================================================================
Received Prepare
Registering precompiled user dll's ...
Registered in 0.014385 seconds.
Begin MonoManager ReloadAssembly
Symbol file LoadedFromMemory doesn't match image C:\Users\simon.wallander\Downloads\3D Platformer\Library\PackageCache\com.unity.visualscripting@1.8.0\Editor\VisualScripting.Core\Dependencies\YamlDotNet\Unity.VisualScripting.YamlDotNet.dll
Symbol file LoadedFromMemory doesn't match image C:\Users\simon.wallander\Downloads\3D Platformer\Library\PackageCache\com.unity.visualscripting@1.8.0\Editor\VisualScripting.Core\Dependencies\DotNetZip\Unity.VisualScripting.IonicZip.dll
Native extension for WindowsStandalone target not found
Refreshing native plugins compatible for Editor in 1.11 ms, found 3 plugins.
Preloading 0 native plugins for Editor in 0.00 ms.
Mono: successfully reloaded assembly
- Completed reload, in  2.847 seconds
Domain Reload Profiling:
	ReloadAssembly (2848ms)
		BeginReloadAssembly (370ms)
			ExecutionOrderSort (0ms)
			DisableScriptedObjects (22ms)
			BackupInstance (0ms)
			ReleaseScriptingObjects (0ms)
			CreateAndSetChildDomain (139ms)
		EndReloadAssembly (2319ms)
			LoadAssemblies (185ms)
			RebuildTransferFunctionScriptingTraits (0ms)
			SetupTypeCache (661ms)
			ReleaseScriptCaches (3ms)
			RebuildScriptCaches (138ms)
			SetupLoadedEditorAssemblies (1142ms)
				LogAssemblyErrors (0ms)
				InitializePlatformSupportModulesInManaged (23ms)
				SetLoadedEditorAssemblies (1ms)
				RefreshPlugins (1ms)
				BeforeProcessingInitializeOnLoad (200ms)
				ProcessInitializeOnLoadAttributes (706ms)
				ProcessInitializeOnLoadMethodAttributes (191ms)
				AfterProcessingInitializeOnLoad (19ms)
				EditorAssembliesLoaded (1ms)
			ExecutionOrderSort2 (0ms)
			AwakeInstancesAfterBackupRestoration (63ms)
Platform modules already initialized, skipping
Refreshing native plugins compatible for Editor in 3.49 ms, found 3 plugins.
Preloading 0 native plugins for Editor in 0.00 ms.
Unloading 5401 Unused Serialized files (Serialized files now loaded: 0)
Unloading 30 unused Assets / (0.8 MB). Loaded Objects now: 6084.
Memory consumption went from 232.3 MB to 231.5 MB.
Total: 4.241300 ms (FindLiveObjects: 0.433900 ms CreateObjectMapping: 0.319200 ms MarkObjects: 3.013300 ms  DeleteObjects: 0.474000 ms)

AssetImportParameters requested are different than current active one (requested -> active):
  custom:video-decoder-ogg-theora: a1e56fd34408186e4bbccfd4996cb3dc -> 
  custom:container-muxer-webm: aa71ff27fc2769a1b78a27578f13a17b -> 
  custom:container-demuxer-webm: 4f35f7cbe854078d1ac9338744f61a02 -> 
  custom:video-encoder-webm-vp8: eb34c28f22e8b96e1ab97ce403110664 -> 
  custom:audio-encoder-webm-vorbis: bf7c407c2cedff20999df2af8eb42d56 -> 
  custom:framework-win-MediaFoundation: 216162199b28c13a410421893ffa2e32 -> 
  custom:SearchIndexIgnoredProperties: e643bd26f0fe6173181afceb89e7c659 -> 
  custom:container-demuxer-ogg: 62fdf1f143b41e24485cea50d1cbac27 -> 
  custom:video-decoder-webm-vp8: 9c59270c3fd7afecdb556c50c9e8de78 -> 
  custom:audio-decoder-ogg-vorbis: bf7c407c2cedff20999df2af8eb42d56 -> 
========================================================================
Received Prepare
Registering precompiled user dll's ...
Registered in 0.010661 seconds.
Begin MonoManager ReloadAssembly
Symbol file LoadedFromMemory doesn't match image C:\Users\simon.wallander\Downloads\3D Platformer\Library\PackageCache\com.unity.visualscripting@1.8.0\Editor\VisualScripting.Core\Dependencies\YamlDotNet\Unity.VisualScripting.YamlDotNet.dll
Symbol file LoadedFromMemory doesn't match image C:\Users\simon.wallander\Downloads\3D Platformer\Library\PackageCache\com.unity.visualscripting@1.8.0\Editor\VisualScripting.Core\Dependencies\DotNetZip\Unity.VisualScripting.IonicZip.dll
Native extension for WindowsStandalone target not found
Refreshing native plugins compatible for Editor in 2.35 ms, found 3 plugins.
Preloading 0 native plugins for Editor in 0.00 ms.
Mono: successfully reloaded assembly
- Completed reload, in  2.426 seconds
Domain Reload Profiling:
	ReloadAssembly (2427ms)
		BeginReloadAssembly (195ms)
			ExecutionOrderSort (0ms)
			DisableScriptedObjects (8ms)
			BackupInstance (0ms)
			ReleaseScriptingObjects (0ms)
			CreateAndSetChildDomain (62ms)
		EndReloadAssembly (2036ms)
			LoadAssemblies (149ms)
			RebuildTransferFunctionScriptingTraits (0ms)
			SetupTypeCache (643ms)
			ReleaseScriptCaches (5ms)
			RebuildScriptCaches (92ms)
			SetupLoadedEditorAssemblies (969ms)
				LogAssemblyErrors (0ms)
				InitializePlatformSupportModulesInManaged (45ms)
				SetLoadedEditorAssemblies (1ms)
				RefreshPlugins (3ms)
				BeforeProcessingInitializeOnLoad (220ms)
				ProcessInitializeOnLoadAttributes (574ms)
				ProcessInitializeOnLoadMethodAttributes (119ms)
				AfterProcessingInitializeOnLoad (8ms)
				EditorAssembliesLoaded (0ms)
			ExecutionOrderSort2 (0ms)
			AwakeInstancesAfterBackupRestoration (23ms)
Platform modules already initialized, skipping
Refreshing native plugins compatible for Editor in 3.00 ms, found 3 plugins.
Preloading 0 native plugins for Editor in 0.00 ms.
Unloading 5402 Unused Serialized files (Serialized files now loaded: 0)
Unloading 30 unused Assets / (0.8 MB). Loaded Objects now: 6099.
Memory consumption went from 232.4 MB to 231.6 MB.
Total: 4.443200 ms (FindLiveObjects: 0.419100 ms CreateObjectMapping: 0.232900 ms MarkObjects: 3.339500 ms  DeleteObjects: 0.450400 ms)

AssetImportParameters requested are different than current active one (requested -> active):
  custom:video-decoder-ogg-theora: a1e56fd34408186e4bbccfd4996cb3dc -> 
  custom:container-muxer-webm: aa71ff27fc2769a1b78a27578f13a17b -> 
  custom:container-demuxer-webm: 4f35f7cbe854078d1ac9338744f61a02 -> 
  custom:video-encoder-webm-vp8: eb34c28f22e8b96e1ab97ce403110664 -> 
  custom:audio-encoder-webm-vorbis: bf7c407c2cedff20999df2af8eb42d56 -> 
  custom:framework-win-MediaFoundation: 216162199b28c13a410421893ffa2e32 -> 
  custom:SearchIndexIgnoredProperties: e643bd26f0fe6173181afceb89e7c659 -> 
  custom:container-demuxer-ogg: 62fdf1f143b41e24485cea50d1cbac27 -> 
  custom:video-decoder-webm-vp8: 9c59270c3fd7afecdb556c50c9e8de78 -> 
  custom:audio-decoder-ogg-vorbis: bf7c407c2cedff20999df2af8eb42d56 -> 
========================================================================
Received Import Request.
  Time since last request: 471.517294 seconds.
  path: Packages/com.unity.searcher/Editor/Resources/FlatSkin/Font/Roboto-BoldItalic.ttf
  artifactKey: Guid(dfb97a9307a577a41bcacba34b9a7e32) Importer(815301076,1909f56bfc062723c751e8b465ee728b)
Start importing Packages/com.unity.searcher/Editor/Resources/FlatSkin/Font/Roboto-BoldItalic.ttf using Guid(dfb97a9307a577a41bcacba34b9a7e32) Importer(815301076,1909f56bfc062723c751e8b465ee728b)  -> (artifact id: 'b01412d83453575506130e260a4e841d') in 0.459500 seconds 
========================================================================
Received Import Request.
  Time since last request: 0.000036 seconds.
  path: Assets/Graphical Assets/3D/Placeholders/Placeholder_material 3Tiling.mat
  artifactKey: Guid(676d63049b4396142851f61585eca117) Importer(815301076,1909f56bfc062723c751e8b465ee728b)
Start importing Assets/Graphical Assets/3D/Placeholders/Placeholder_material 3Tiling.mat using Guid(676d63049b4396142851f61585eca117) Importer(815301076,1909f56bfc062723c751e8b465ee728b)  -> (artifact id: 'eec9168427cc70b8b944f4566a2475d3') in 0.033134 seconds 
========================================================================
Received Import Request.
  Time since last request: 0.000150 seconds.
  path: Assets/Graphical Assets/Materials/TEMP_Materials/Black.mat
  artifactKey: Guid(c100654aaafb8744188f06251ede9db9) Importer(815301076,1909f56bfc062723c751e8b465ee728b)
Start importing Assets/Graphical Assets/Materials/TEMP_Materials/Black.mat using Guid(c100654aaafb8744188f06251ede9db9) Importer(815301076,1909f56bfc062723c751e8b465ee728b)  -> (artifact id: 'e566f6c7b93371b5c20038642b4ed9f9') in 0.026386 seconds 
========================================================================
Received Import Request.
  Time since last request: 0.000041 seconds.
  path: Packages/com.unity.searcher/Editor/Resources/FlatSkin/Font/Roboto-Black.ttf
  artifactKey: Guid(1062c701058745940ae5dca6219c64c8) Importer(815301076,1909f56bfc062723c751e8b465ee728b)
Start importing Packages/com.unity.searcher/Editor/Resources/FlatSkin/Font/Roboto-Black.ttf using Guid(1062c701058745940ae5dca6219c64c8) Importer(815301076,1909f56bfc062723c751e8b465ee728b)  -> (artifact id: '9db2fb7b6c463c9be45f71d9892dba99') in 0.041219 seconds 
========================================================================
Received Import Request.
  Time since last request: 0.000039 seconds.
  path: Assets/Graphical Assets/3D/Placeholders/Placeholder_material_50m.mat
  artifactKey: Guid(1ffa57d8d071f414699d8e658bc2a15b) Importer(815301076,1909f56bfc062723c751e8b465ee728b)
Start importing Assets/Graphical Assets/3D/Placeholders/Placeholder_material_50m.mat using Guid(1ffa57d8d071f414699d8e658bc2a15b) Importer(815301076,1909f56bfc062723c751e8b465ee728b)  -> (artifact id: '3681042269068c104946668bc2e66fbd') in 0.026992 seconds 
========================================================================
Received Import Request.
  Time since last request: 0.000041 seconds.
  path: Assets/Graphical Assets/3D/Placeholders/Placeholder_material.mat
  artifactKey: Guid(ed136ac3a1881944b832b6eec467a31c) Importer(815301076,1909f56bfc062723c751e8b465ee728b)
Start importing Assets/Graphical Assets/3D/Placeholders/Placeholder_material.mat using Guid(ed136ac3a1881944b832b6eec467a31c) Importer(815301076,1909f56bfc062723c751e8b465ee728b)  -> (artifact id: '215e790942867e5cb2fffb46422cb618') in 0.026858 seconds 
========================================================================
Received Import Request.
  Time since last request: 0.000081 seconds.
  path: Assets/Graphical Assets/3D/LBS Guy/LBS_Guy_material.mat
  artifactKey: Guid(81c1c31391b72d44799b6e7dc9348f9e) Importer(815301076,1909f56bfc062723c751e8b465ee728b)
Start importing Assets/Graphical Assets/3D/LBS Guy/LBS_Guy_material.mat using Guid(81c1c31391b72d44799b6e7dc9348f9e) Importer(815301076,1909f56bfc062723c751e8b465ee728b)  -> (artifact id: '3a5e5c551f2d778217eca9bf316a0a55') in 0.026923 seconds 
========================================================================
Received Import Request.
  Time since last request: 0.000039 seconds.
  path: Packages/com.unity.searcher/Editor/Resources/FlatSkin/Font/Roboto-BlackItalic.ttf
  artifactKey: Guid(f95147a9bab9fe649b8070170fa7ebd2) Importer(815301076,1909f56bfc062723c751e8b465ee728b)
Start importing Packages/com.unity.searcher/Editor/Resources/FlatSkin/Font/Roboto-BlackItalic.ttf using Guid(f95147a9bab9fe649b8070170fa7ebd2) Importer(815301076,1909f56bfc062723c751e8b465ee728b)  -> (artifact id: '43f8572e1819e6c55fedb9f0a607a82a') in 0.039188 seconds 
========================================================================
Received Import Request.
  Time since last request: 0.000048 seconds.
  path: Assets/Bitgem/StylisedWater/URP/Materials/skybox.mat
  artifactKey: Guid(2c569dc78b4a14a66a37c4a7386a4147) Importer(815301076,1909f56bfc062723c751e8b465ee728b)
Start importing Assets/Bitgem/StylisedWater/URP/Materials/skybox.mat using Guid(2c569dc78b4a14a66a37c4a7386a4147) Importer(815301076,1909f56bfc062723c751e8b465ee728b)  -> (artifact id: '3d53000b40aa60d78d2528147b0b8f57') in 0.167854 seconds 
========================================================================
Received Import Request.
  Time since last request: 0.000033 seconds.
  path: Packages/com.unity.searcher/Editor/Resources/FlatSkin/Font/Roboto-Bold.ttf
  artifactKey: Guid(3750c318f40cab44a97d3a81beaefeb3) Importer(815301076,1909f56bfc062723c751e8b465ee728b)
Start importing Packages/com.unity.searcher/Editor/Resources/FlatSkin/Font/Roboto-Bold.ttf using Guid(3750c318f40cab44a97d3a81beaefeb3) Importer(815301076,1909f56bfc062723c751e8b465ee728b)  -> (artifact id: '8eb6a08788c83d1e417066b824b8fd73') in 0.047493 seconds 
========================================================================
Received Import Request.
  Time since last request: 0.000040 seconds.
  path: Assets/Bitgem/StylisedWater/URP/Materials/example-water-01.mat
  artifactKey: Guid(16ca5feb16ef2d744852096378401523) Importer(815301076,1909f56bfc062723c751e8b465ee728b)
Start importing Assets/Bitgem/StylisedWater/URP/Materials/example-water-01.mat using Guid(16ca5feb16ef2d744852096378401523) Importer(815301076,1909f56bfc062723c751e8b465ee728b)  -> (artifact id: 'e4e438dd5f936af067571dd2db0ab6ad') in 3.889608 seconds 
========================================================================
Received Import Request.
  Time since last request: 0.000051 seconds.
  path: Assets/Graphical Assets/Materials/TEMP_Materials/Red.mat
  artifactKey: Guid(572f4033e5d242f4bac3f05b81457bc8) Importer(815301076,1909f56bfc062723c751e8b465ee728b)
Start importing Assets/Graphical Assets/Materials/TEMP_Materials/Red.mat using Guid(572f4033e5d242f4bac3f05b81457bc8) Importer(815301076,1909f56bfc062723c751e8b465ee728b)  -> (artifact id: 'e9699901895f24dd6e0d4404e934d730') in 0.028302 seconds 
========================================================================
Received Import Request.
  Time since last request: 0.000053 seconds.
  path: Assets/Graphical Assets/Materials/TEMP_Materials/Yellow.mat
  artifactKey: Guid(7ee387225b8bb4840a93cd2bb6c17e3c) Importer(815301076,1909f56bfc062723c751e8b465ee728b)
Start importing Assets/Graphical Assets/Materials/TEMP_Materials/Yellow.mat using Guid(7ee387225b8bb4840a93cd2bb6c17e3c) Importer(815301076,1909f56bfc062723c751e8b465ee728b)  -> (artifact id: 'cd224e3da350851606f4237d5c0a948c') in 0.033716 seconds 
========================================================================
Received Import Request.
  Time since last request: 0.000038 seconds.
  path: Assets/Bitgem/StylisedWater/URP/Materials/example-water-02.mat
  artifactKey: Guid(fb659c98d6ac4db41b88596ff2c4e2e1) Importer(815301076,1909f56bfc062723c751e8b465ee728b)
Start importing Assets/Bitgem/StylisedWater/URP/Materials/example-water-02.mat using Guid(fb659c98d6ac4db41b88596ff2c4e2e1) Importer(815301076,1909f56bfc062723c751e8b465ee728b)  -> (artifact id: '709a12b31cb0406a0ac15350bd9fc447') in 0.039471 seconds 
========================================================================
Received Import Request.
  Time since last request: 0.000029 seconds.
  path: Assets/Graphical Assets/Materials/TEMP_Materials/Blue.mat
  artifactKey: Guid(e7e28030dad222e49b5a1c4435e1aa5a) Importer(815301076,1909f56bfc062723c751e8b465ee728b)
Start importing Assets/Graphical Assets/Materials/TEMP_Materials/Blue.mat using Guid(e7e28030dad222e49b5a1c4435e1aa5a) Importer(815301076,1909f56bfc062723c751e8b465ee728b)  -> (artifact id: 'ffa7cfee0da8f5ba0559976ee4b0a2e0') in 0.032712 seconds 
========================================================================
Received Import Request.
  Time since last request: 0.000035 seconds.
  path: Packages/com.unity.searcher/Editor/Resources/FlatSkin/Font/Roboto-Medium.ttf
  artifactKey: Guid(a51a3aebb43ac044989270407476b208) Importer(815301076,1909f56bfc062723c751e8b465ee728b)
Start importing Packages/com.unity.searcher/Editor/Resources/FlatSkin/Font/Roboto-Medium.ttf using Guid(a51a3aebb43ac044989270407476b208) Importer(815301076,1909f56bfc062723c751e8b465ee728b)  -> (artifact id: '42237c279b8e4e38fc5d609f80314864') in 0.050533 seconds 
========================================================================
Received Import Request.
  Time since last request: 0.000035 seconds.
  path: Packages/com.unity.searcher/Editor/Resources/FlatSkin/Font/Roboto-Light.ttf
  artifactKey: Guid(2a29e27936eb547458f646f71125b264) Importer(815301076,1909f56bfc062723c751e8b465ee728b)
Start importing Packages/com.unity.searcher/Editor/Resources/FlatSkin/Font/Roboto-Light.ttf using Guid(2a29e27936eb547458f646f71125b264) Importer(815301076,1909f56bfc062723c751e8b465ee728b)  -> (artifact id: '8b2643488d2bbb7dae63d183976a71cf') in 0.043194 seconds 
========================================================================
Received Import Request.
  Time since last request: 0.000043 seconds.
  path: Packages/com.unity.searcher/Editor/Resources/FlatSkin/Font/Roboto-LightItalic.ttf
  artifactKey: Guid(5e63515167650a541b309ba3bfd4db3d) Importer(815301076,1909f56bfc062723c751e8b465ee728b)
Start importing Packages/com.unity.searcher/Editor/Resources/FlatSkin/Font/Roboto-LightItalic.ttf using Guid(5e63515167650a541b309ba3bfd4db3d) Importer(815301076,1909f56bfc062723c751e8b465ee728b)  -> (artifact id: '452ae0cf15accc975e5bcaf7de40f379') in 0.041569 seconds 
========================================================================
Received Import Request.
  Time since last request: 251561.876925 seconds.
  path: Assets/Bitgem/StylisedWater/URP/Materials/example-water-01.mat
  artifactKey: Guid(16ca5feb16ef2d744852096378401523) Importer(815301076,1909f56bfc062723c751e8b465ee728b)
Start importing Assets/Bitgem/StylisedWater/URP/Materials/example-water-01.mat using Guid(16ca5feb16ef2d744852096378401523) Importer(815301076,1909f56bfc062723c751e8b465ee728b)  -> (artifact id: '54e000309e1b68703681483fcc224200') in 0.379654 seconds 
========================================================================
Received Import Request.
  Time since last request: 51.762696 seconds.
  path: Assets/Bitgem/StylisedWater/URP/Scripts/Bitgem/VFX/StylisedWater/WaterVolumeTransforms.cs
  artifactKey: Guid(6d1bc949ada500e40a47e0e6f07b2d86) Importer(815301076,1909f56bfc062723c751e8b465ee728b)
Start importing Assets/Bitgem/StylisedWater/URP/Scripts/Bitgem/VFX/StylisedWater/WaterVolumeTransforms.cs using Guid(6d1bc949ada500e40a47e0e6f07b2d86) Importer(815301076,1909f56bfc062723c751e8b465ee728b)  -> (artifact id: 'b96157d40a7b35043878a1bdcb07429e') in 0.018085 seconds 
========================================================================
Received Import Request.
  Time since last request: 1088.867622 seconds.
  path: Assets/Bitgem/StylisedWater/URP/Shaders/WaterVolume-URP.shadergraph
  artifactKey: Guid(2cddf2ee6a74aca44af00f5a49bd2cf1) Importer(815301076,1909f56bfc062723c751e8b465ee728b)
Start importing Assets/Bitgem/StylisedWater/URP/Shaders/WaterVolume-URP.shadergraph using Guid(2cddf2ee6a74aca44af00f5a49bd2cf1) Importer(815301076,1909f56bfc062723c751e8b465ee728b)  -> (artifact id: '1a951de3ff90f75276bcf1a3c69133bb') in 0.047014 seconds 
========================================================================
Received Import Request.
  Time since last request: 9.065764 seconds.
  path: Assets/Bitgem/StylisedWater/URP/Shaders/Triplanar.shadergraph
  artifactKey: Guid(bd3cfc66251d1db41bc93e3d21170477) Importer(815301076,1909f56bfc062723c751e8b465ee728b)
Start importing Assets/Bitgem/StylisedWater/URP/Shaders/Triplanar.shadergraph using Guid(bd3cfc66251d1db41bc93e3d21170477) Importer(815301076,1909f56bfc062723c751e8b465ee728b)  -> (artifact id: 'aef2120e18989a670361c9332c93519d') in 0.034332 seconds 
========================================================================
Received Import Request.
  Time since last request: 13.255057 seconds.
  path: Assets/Graphical Assets/VFX/Particles/JumpLandingParticle.prefab
  artifactKey: Guid(155cbd3c0a0dd2b4e93bef1276f815a8) Importer(815301076,1909f56bfc062723c751e8b465ee728b)
Start importing Assets/Graphical Assets/VFX/Particles/JumpLandingParticle.prefab using Guid(155cbd3c0a0dd2b4e93bef1276f815a8) Importer(815301076,1909f56bfc062723c751e8b465ee728b)  -> (artifact id: '8c4e0ea422a57d161b8b5ea91202cf27') in 0.210304 seconds 
========================================================================
Received Import Request.
  Time since last request: 39.389208 seconds.
  path: Assets/Bitgem
  artifactKey: Guid(b40e08984a4c10249b4b0c6c6481b648) Importer(815301076,1909f56bfc062723c751e8b465ee728b)
Start importing Assets/Bitgem using Guid(b40e08984a4c10249b4b0c6c6481b648) Importer(815301076,1909f56bfc062723c751e8b465ee728b)  -> (artifact id: 'dce4a7e5ef12ef9935a618ecfe5d9c8e') in 0.040704 seconds 
========================================================================
Received Import Request.
  Time since last request: 11.165412 seconds.
  path: Assets/Bitgem/StylisedWater/URP/Textures/waves_n.png
  artifactKey: Guid(f87d53fcaf34530488b706ee35d9b519) Importer(815301076,1909f56bfc062723c751e8b465ee728b)
Start importing Assets/Bitgem/StylisedWater/URP/Textures/waves_n.png using Guid(f87d53fcaf34530488b706ee35d9b519) Importer(815301076,1909f56bfc062723c751e8b465ee728b)  -> (artifact id: '798c8381ea647794d8394f80af97a9b5') in 0.193110 seconds 
========================================================================
Received Import Request.
  Time since last request: 76.367379 seconds.
  path: Assets/Bitgem/StylisedWater/URP/Textures/greyboxing-01.png
  artifactKey: Guid(6b579d01d44fb9e4ea979f8b3a559836) Importer(815301076,1909f56bfc062723c751e8b465ee728b)
Start importing Assets/Bitgem/StylisedWater/URP/Textures/greyboxing-01.png using Guid(6b579d01d44fb9e4ea979f8b3a559836) Importer(815301076,1909f56bfc062723c751e8b465ee728b)  -> (artifact id: '9f6e2a9a81917386a49be9ed19b1a013') in 0.068227 seconds 
========================================================================
Received Import Request.
  Time since last request: 42.797384 seconds.
  path: Assets/Bitgem/StylisedWater/URP/Shaders/WaterVolume-URP.shadergraph
  artifactKey: Guid(2cddf2ee6a74aca44af00f5a49bd2cf1) Importer(815301076,1909f56bfc062723c751e8b465ee728b)
Start importing Assets/Bitgem/StylisedWater/URP/Shaders/WaterVolume-URP.shadergraph using Guid(2cddf2ee6a74aca44af00f5a49bd2cf1) Importer(815301076,1909f56bfc062723c751e8b465ee728b)  -> (artifact id: '53600ad27d1527f7bd1e9ee109d47939') in 0.015932 seconds 
========================================================================
Received Import Request.
  Time since last request: 62.982681 seconds.
  path: Assets/Bitgem/StylisedWater/URP/Materials/example-water-01.mat
  artifactKey: Guid(16ca5feb16ef2d744852096378401523) Importer(815301076,1909f56bfc062723c751e8b465ee728b)
Start importing Assets/Bitgem/StylisedWater/URP/Materials/example-water-01.mat using Guid(16ca5feb16ef2d744852096378401523) Importer(815301076,1909f56bfc062723c751e8b465ee728b)  -> (artifact id: 'f812b2ef91bee6cd4c686dca3acfb50c') in 0.081162 seconds 
========================================================================
Received Import Request.
  Time since last request: 0.000059 seconds.
  path: Assets/Bitgem/StylisedWater/URP/Materials/example-water-03.mat
  artifactKey: Guid(008541be8ad8b3f42a5318e1c4a73d1c) Importer(815301076,1909f56bfc062723c751e8b465ee728b)
Start importing Assets/Bitgem/StylisedWater/URP/Materials/example-water-03.mat using Guid(008541be8ad8b3f42a5318e1c4a73d1c) Importer(815301076,1909f56bfc062723c751e8b465ee728b)  -> (artifact id: '56118e21b0e15cdff3e2edff37a385f5') in 0.075304 seconds 
========================================================================
Received Import Request.
  Time since last request: 8801.708004 seconds.
  path: Assets/Scripts/Joel_Essentials
  artifactKey: Guid(935f23bf8910cd441aaf66a74566cd64) Importer(815301076,1909f56bfc062723c751e8b465ee728b)
Start importing Assets/Scripts/Joel_Essentials using Guid(935f23bf8910cd441aaf66a74566cd64) Importer(815301076,1909f56bfc062723c751e8b465ee728b)  -> (artifact id: 'b9b8fa68d9adc756472510fc97737b13') in 0.032419 seconds 
========================================================================
Received Import Request.
  Time since last request: 3.037532 seconds.
  path: Assets/Prefabs/Camera.prefab
  artifactKey: Guid(3c33f893f44f2c944bef16e1790d3e5f) Importer(815301076,1909f56bfc062723c751e8b465ee728b)
Start importing Assets/Prefabs/Camera.prefab using Guid(3c33f893f44f2c944bef16e1790d3e5f) Importer(815301076,1909f56bfc062723c751e8b465ee728b)  -> (artifact id: '59fd597e4605b4dce114904f33a5af85') in 0.154880 seconds 
========================================================================
Received Import Request.
  Time since last request: 511.379343 seconds.
  path: Assets/Bitgem/StylisedWater/URP/Materials
  artifactKey: Guid(23dd8f7c55dedc9428557d7ab46cf80b) Importer(815301076,1909f56bfc062723c751e8b465ee728b)
Start importing Assets/Bitgem/StylisedWater/URP/Materials using Guid(23dd8f7c55dedc9428557d7ab46cf80b) Importer(815301076,1909f56bfc062723c751e8b465ee728b)  -> (artifact id: '8786530b6a766d4a94ad6c88bfc8abf4') in 0.039683 seconds 
========================================================================
Received Import Request.
  Time since last request: 11.725720 seconds.
  path: Assets/Bitgem/StylisedWater/URP/Materials/Cartoon water.mat
  artifactKey: Guid(2eaa6af24eb2081499d0e9b7631d51c6) Importer(815301076,1909f56bfc062723c751e8b465ee728b)
Start importing Assets/Bitgem/StylisedWater/URP/Materials/Cartoon water.mat using Guid(2eaa6af24eb2081499d0e9b7631d51c6) Importer(815301076,1909f56bfc062723c751e8b465ee728b)  -> (artifact id: '080628239a74c11636ee54c543b54c9c') in 0.158650 seconds 
